[
  {
    "line": 2,
    "elements": [
      {
        "start_timestamp": "2023-10-07T13:16:55.156Z",
        "before": [
          {
            "result": {
              "duration": 6679594600,
              "status": "passed"
            },
            "match": {
              "location": "HooksClass.beforeScenario()"
            }
          },
          {
            "result": {
              "duration": 122336500,
              "status": "passed"
            },
            "match": {
              "location": "HooksClass.beforesce()"
            }
          },
          {
            "result": {
              "duration": 122000,
              "status": "passed"
            },
            "match": {
              "location": "HooksClass.befores()"
            }
          }
        ],
        "line": 4,
        "name": "Validate the forgotten password with invalid mobile number",
        "description": "",
        "id": "validate-the-forgotten-password-functionality;validate-the-forgotten-password-with-invalid-mobile-number",
        "after": [
          {
            "result": {
              "duration": 90700,
              "status": "passed"
            },
            "match": {
              "location": "HooksClass.afterS()"
            }
          },
          {
            "result": {
              "duration": 49800,
              "status": "passed"
            },
            "match": {
              "location": "HooksClass.afterSce()"
            }
          },
          {
            "result": {
              "duration": 846823900,
              "status": "passed"
            },
            "match": {
              "location": "HooksClass.afterScenario(Scenario)"
            }
          }
        ],
        "type": "scenario",
        "keyword": "Scenario",
        "steps": [
          {
            "result": {
              "duration": 1598400,
              "status": "passed"
            },
            "line": 5,
            "name": "User should launch the browser and load the url of page",
            "match": {
              "location": "ForgottenPasswordStepDefinition.user_should_launch_the_chrome_browser_and_load_the_url_of_page()"
            },
            "keyword": "Given "
          },
          {
            "result": {
              "duration": 3273492300,
              "status": "passed"
            },
            "line": 6,
            "name": "User should click the forgotten password link",
            "match": {
              "location": "ForgottenPasswordStepDefinition.user_should_click_the_forgotten_password_link()"
            },
            "keyword": "When "
          },
          {
            "result": {
              "duration": 95507200,
              "status": "passed"
            },
            "line": 7,
            "name": "User should enter invalid mobile number in the text box",
            "match": {
              "location": "ForgottenPasswordStepDefinition.user_should_enter_invalid_mobile_number_in_the_text_box()"
            },
            "keyword": "And "
          },
          {
            "result": {
              "duration": 8954500,
              "status": "passed"
            },
            "line": 8,
            "name": "User should print the title of the page",
            "match": {
              "location": "ForgottenPasswordStepDefinition.userShouldPrintTheTitleOfThePage()"
            },
            "keyword": "And "
          },
          {
            "result": {
              "duration": 76024900,
              "status": "passed"
            },
            "line": 9,
            "name": "User should click the search button",
            "match": {
              "location": "ForgottenPasswordStepDefinition.user_should_click_the_search_button()"
            },
            "keyword": "And "
          },
          {
            "result": {
              "duration": 11167800,
              "status": "passed"
            },
            "line": 10,
            "name": "User should navigate to temp blocked page",
            "match": {
              "location": "ForgottenPasswordStepDefinition.user_should_navigate_to_temp_blocked_page()"
            },
            "keyword": "Then "
          }
        ],
        "tags": [
          {
            "name": "@Sanity"
          }
        ]
      }
    ],
    "name": "Validate the forgotten password functionality",
    "description": "",
    "id": "validate-the-forgotten-password-functionality",
    "keyword": "Feature",
    "uri": "file:src/test/resources/FeatureFiles/ForgottenPassword.feature",
    "tags": []
  },
  {
    "line": 2,
    "elements": [
      {
        "line": 3,
        "name": "",
        "description": "",
        "type": "background",
        "keyword": "Background",
        "steps": [
          {
            "result": {
              "duration": 416400,
              "status": "passed"
            },
            "line": 4,
            "name": "User should launch the browser and load the url",
            "match": {
              "location": "LoginStepDefinition.user_should_launch_the_browser_and_load_the_url()"
            },
            "keyword": "Given "
          }
        ]
      },
      {
        "start_timestamp": "2023-10-07T13:17:06.321Z",
        "before": [
          {
            "result": {
              "duration": 24072112800,
              "status": "passed"
            },
            "match": {
              "location": "HooksClass.beforeScenario()"
            }
          },
          {
            "result": {
              "duration": 128006500,
              "status": "passed"
            },
            "match": {
              "location": "HooksClass.beforesce()"
            }
          },
          {
            "result": {
              "duration": 64700,
              "status": "passed"
            },
            "match": {
              "location": "HooksClass.befores()"
            }
          }
        ],
        "line": 16,
        "name": "Validate the login functionality with invalid username and valid password",
        "description": "",
        "id": "validate-the-login-functionality-of-facebook;validate-the-login-functionality-with-invalid-username-and-valid-password;;2",
        "after": [
          {
            "result": {
              "duration": 169400,
              "status": "passed"
            },
            "match": {
              "location": "HooksClass.afterS()"
            }
          },
          {
            "result": {
              "duration": 213000,
              "status": "passed"
            },
            "match": {
              "location": "HooksClass.afterSce()"
            }
          },
          {
            "result": {
              "duration": 933298000,
              "status": "passed"
            },
            "match": {
              "location": "HooksClass.afterScenario(Scenario)"
            }
          }
        ],
        "type": "scenario",
        "keyword": "Scenario Outline",
        "steps": [
          {
            "result": {
              "duration": 257451600,
              "status": "passed"
            },
            "line": 8,
            "name": "User should enter invaid username \"Anil\", and valid password \"Anil@123\"",
            "match": {
              "arguments": [
                {
                  "val": "\"Anil\"",
                  "offset": 34
                },
                {
                  "val": "\"Anil@123\"",
                  "offset": 61
                }
              ],
              "location": "LoginStepDefinition.userShouldEnterInvaidUsernameAndValidPassword(String,String)"
            },
            "keyword": "When "
          },
          {
            "result": {
              "duration": 3095887000,
              "status": "passed"
            },
            "line": 9,
            "name": "User should click the login button",
            "match": {
              "location": "LoginStepDefinition.user_should_click_the_login_button()"
            },
            "keyword": "And "
          },
          {
            "result": {
              "duration": 3868142100,
              "status": "passed"
            },
            "line": 10,
            "name": "User should print the title of your page",
            "match": {
              "location": "LoginStepDefinition.user_should_print_the_title_of_your_page()"
            },
            "keyword": "And "
          },
          {
            "result": {
              "error_message": "java.lang.AssertionError: verify credential\r\n\tat org.junit.Assert.fail(Assert.java:88)\r\n\tat org.junit.Assert.assertTrue(Assert.java:41)\r\n\tat org.stepdefinition.LoginStepDefinition.user_should_navigate_to_incorrect_credential_page(LoginStepDefinition.java:44)\r\n\tat âœ½.User should navigate to incorrect credential page(file:src/test/resources/FeatureFiles/Login.feature:11)\r\n",
              "duration": 20442400,
              "status": "failed"
            },
            "line": 11,
            "name": "User should navigate to incorrect credential page",
            "match": {
              "location": "LoginStepDefinition.user_should_navigate_to_incorrect_credential_page()"
            },
            "keyword": "Then "
          }
        ],
        "tags": [
          {
            "name": "@Check"
          },
          {
            "name": "@Smoke"
          }
        ]
      },
      {
        "line": 3,
        "name": "",
        "description": "",
        "type": "background",
        "keyword": "Background",
        "steps": [
          {
            "result": {
              "duration": 1693300,
              "status": "passed"
            },
            "line": 4,
            "name": "User should launch the browser and load the url",
            "match": {
              "location": "LoginStepDefinition.user_should_launch_the_browser_and_load_the_url()"
            },
            "keyword": "Given "
          }
        ]
      },
      {
        "start_timestamp": "2023-10-07T13:17:38.758Z",
        "before": [
          {
            "result": {
              "duration": 2853246100,
              "status": "passed"
            },
            "match": {
              "location": "HooksClass.beforeScenario()"
            }
          },
          {
            "result": {
              "duration": 127315600,
              "status": "passed"
            },
            "match": {
              "location": "HooksClass.beforesce()"
            }
          },
          {
            "result": {
              "duration": 257900,
              "status": "passed"
            },
            "match": {
              "location": "HooksClass.befores()"
            }
          }
        ],
        "line": 19,
        "name": "Validate the login functionality with valid username and invalid password",
        "description": "",
        "id": "validate-the-login-functionality-of-facebook;validate-the-login-functionality-with-valid-username-and-invalid-password",
        "after": [
          {
            "result": {
              "duration": 95600,
              "status": "passed"
            },
            "match": {
              "location": "HooksClass.afterS()"
            }
          },
          {
            "result": {
              "duration": 63200,
              "status": "passed"
            },
            "match": {
              "location": "HooksClass.afterSce()"
            }
          },
          {
            "result": {
              "error_message": "org.openqa.selenium.WebDriverException: Timed out waiting for driver server to shutdown.\nBuild info: version: \u00274.12.1\u0027, revision: \u00278e34639b11\u0027\nSystem info: os.name: \u0027Windows 10\u0027, os.arch: \u0027amd64\u0027, os.version: \u002710.0\u0027, java.version: \u00271.8.0_371\u0027\nDriver info: org.openqa.selenium.chrome.ChromeDriver\nCommand: [2a18a743a4bc47f7f32fc8ea8d70c05b, quit {}]\nCapabilities {acceptInsecureCerts: false, browserName: chrome, browserVersion: 117.0.5938.150, chrome: {chromedriverVersion: 117.0.5938.149 (e3344ddefa1..., userDataDir: C:\\Users\\ADMIN\\AppData\\Loca...}, fedcm:accounts: true, goog:chromeOptions: {debuggerAddress: localhost:50777}, networkConnectionEnabled: false, pageLoadStrategy: normal, platformName: windows, proxy: Proxy(), se:cdp: ws://localhost:50777/devtoo..., se:cdpVersion: 117.0.5938.150, setWindowRect: true, strictFileInteractability: false, timeouts: {implicit: 0, pageLoad: 300000, script: 30000}, unhandledPromptBehavior: dismiss and notify, webauthn:extension:credBlob: true, webauthn:extension:largeBlob: true, webauthn:extension:minPinLength: true, webauthn:extension:prf: true, webauthn:virtualAuthenticators: true}\nSession ID: 2a18a743a4bc47f7f32fc8ea8d70c05b\r\n\tat org.openqa.selenium.remote.service.DriverService.stop(DriverService.java:295)\r\n\tat org.openqa.selenium.remote.service.DriverCommandExecutor.execute(DriverCommandExecutor.java:158)\r\n\tat org.openqa.selenium.remote.RemoteWebDriver.execute(RemoteWebDriver.java:602)\r\n\tat org.openqa.selenium.remote.RemoteWebDriver.execute(RemoteWebDriver.java:675)\r\n\tat org.openqa.selenium.remote.RemoteWebDriver.execute(RemoteWebDriver.java:679)\r\n\tat org.openqa.selenium.remote.RemoteWebDriver.quit(RemoteWebDriver.java:437)\r\n\tat org.openqa.selenium.chromium.ChromiumDriver.quit(ChromiumDriver.java:351)\r\n\tat org.utilities.Baseclass.closebrowser(Baseclass.java:354)\r\n\tat org.stepdefinition.HooksClass.afterScenario(HooksClass.java:48)\r\n\tat sun.reflect.NativeMethodAccessorImpl.invoke0(Native Method)\r\n\tat sun.reflect.NativeMethodAccessorImpl.invoke(Unknown Source)\r\n\tat sun.reflect.DelegatingMethodAccessorImpl.invoke(Unknown Source)\r\n\tat java.lang.reflect.Method.invoke(Unknown Source)\r\n\tat cucumber.runtime.Utils$1.call(Utils.java:26)\r\n\tat cucumber.runtime.Timeout.timeout(Timeout.java:16)\r\n\tat cucumber.runtime.Utils.invoke(Utils.java:20)\r\n\tat cucumber.runtime.java.JavaHookDefinition.execute(JavaHookDefinition.java:65)\r\n\tat cucumber.runner.HookDefinitionMatch.runStep(HookDefinitionMatch.java:16)\r\n\tat cucumber.runner.TestStep.executeStep(TestStep.java:65)\r\n\tat cucumber.runner.TestStep.run(TestStep.java:50)\r\n\tat cucumber.runner.TestCase.run(TestCase.java:50)\r\n\tat cucumber.runner.Runner.runPickle(Runner.java:50)\r\n\tat io.cucumber.junit.PickleRunners$NoStepDescriptions.run(PickleRunners.java:146)\r\n\tat io.cucumber.junit.FeatureRunner.runChild(FeatureRunner.java:68)\r\n\tat io.cucumber.junit.FeatureRunner.runChild(FeatureRunner.java:23)\r\n\tat org.junit.runners.ParentRunner$3.run(ParentRunner.java:290)\r\n\tat org.junit.runners.ParentRunner$1.schedule(ParentRunner.java:71)\r\n\tat org.junit.runners.ParentRunner.runChildren(ParentRunner.java:288)\r\n\tat org.junit.runners.ParentRunner.access$000(ParentRunner.java:58)\r\n\tat org.junit.runners.ParentRunner$2.evaluate(ParentRunner.java:268)\r\n\tat org.junit.runners.ParentRunner.run(ParentRunner.java:363)\r\n\tat io.cucumber.junit.Cucumber.runChild(Cucumber.java:144)\r\n\tat io.cucumber.junit.Cucumber.runChild(Cucumber.java:65)\r\n\tat org.junit.runners.ParentRunner$3.run(ParentRunner.java:290)\r\n\tat org.junit.runners.ParentRunner$1.schedule(ParentRunner.java:71)\r\n\tat org.junit.runners.ParentRunner.runChildren(ParentRunner.java:288)\r\n\tat org.junit.runners.ParentRunner.access$000(ParentRunner.java:58)\r\n\tat org.junit.runners.ParentRunner$2.evaluate(ParentRunner.java:268)\r\n\tat io.cucumber.junit.Cucumber$RunCucumber.evaluate(Cucumber.java:174)\r\n\tat org.junit.internal.runners.statements.RunAfters.evaluate(RunAfters.java:27)\r\n\tat org.junit.runners.ParentRunner.run(ParentRunner.java:363)\r\n\tat org.eclipse.jdt.internal.junit4.runner.JUnit4TestReference.run(JUnit4TestReference.java:86)\r\n\tat org.eclipse.jdt.internal.junit.runner.TestExecution.run(TestExecution.java:38)\r\n\tat org.eclipse.jdt.internal.junit.runner.RemoteTestRunner.runTests(RemoteTestRunner.java:538)\r\n\tat org.eclipse.jdt.internal.junit.runner.RemoteTestRunner.runTests(RemoteTestRunner.java:760)\r\n\tat org.eclipse.jdt.internal.junit.runner.RemoteTestRunner.run(RemoteTestRunner.java:460)\r\n\tat org.eclipse.jdt.internal.junit.runner.RemoteTestRunner.main(RemoteTestRunner.java:206)\r\nCaused by: org.openqa.selenium.net.UrlChecker$TimeoutException: Timed out waiting for http://localhost:14915/shutdown to become unavailable after 3002 ms\r\n\tat org.openqa.selenium.net.UrlChecker.waitUntilUnavailable(UrlChecker.java:140)\r\n\tat org.openqa.selenium.remote.service.DriverService.stop(DriverService.java:291)\r\n\t... 46 more\r\nCaused by: java.util.concurrent.TimeoutException\r\n\tat java.util.concurrent.FutureTask.get(Unknown Source)\r\n\tat org.openqa.selenium.net.UrlChecker.waitUntilUnavailable(UrlChecker.java:137)\r\n\t... 47 more\r\n",
              "duration": 18969910900,
              "status": "failed"
            },
            "match": {
              "location": "HooksClass.afterScenario(Scenario)"
            }
          }
        ],
        "type": "scenario",
        "keyword": "Scenario",
        "steps": [
          {
            "result": {
              "duration": 504271300,
              "status": "passed"
            },
            "line": 20,
            "name": "User should enter vaid usernamE and invalid password",
            "match": {
              "location": "LoginStepDefinition.userShouldEnterVaidUsernamEAndInvalidPassword(DataTable)"
            },
            "rows": [
              {
                "cells": [
                  "Fruits",
                  "Veg",
                  "FstFood",
                  "Starters"
                ]
              },
              {
                "cells": [
                  "Orange",
                  "Carrot",
                  "Maggi",
                  "Soup"
                ]
              },
              {
                "cells": [
                  "Apple",
                  "LFinger",
                  "Samosa",
                  "Maggi"
                ]
              },
              {
                "cells": [
                  "Pine",
                  "Ash",
                  "Bajji",
                  "Masala"
                ]
              }
            ],
            "keyword": "When "
          },
          {
            "result": {
              "duration": 3098903900,
              "status": "passed"
            },
            "line": 26,
            "name": "User should click the login button",
            "match": {
              "location": "LoginStepDefinition.user_should_click_the_login_button()"
            },
            "keyword": "And "
          },
          {
            "result": {
              "duration": 55297356800,
              "status": "passed"
            },
            "line": 27,
            "name": "User should navigate to incorrect credential page",
            "match": {
              "location": "LoginStepDefinition.user_should_navigate_to_incorrect_credential_page()"
            },
            "keyword": "Then "
          }
        ],
        "tags": [
          {
            "name": "@Check"
          },
          {
            "name": "@Smoke"
          },
          {
            "name": "@Sanity"
          }
        ]
      }
    ],
    "name": "Validate the login functionality of facebook",
    "description": "",
    "id": "validate-the-login-functionality-of-facebook",
    "keyword": "Feature",
    "uri": "file:src/test/resources/FeatureFiles/Login.feature",
    "tags": [
      {
        "name": "@Check",
        "type": "Tag",
        "location": {
          "line": 1,
          "column": 1
        }
      }
    ]
  }
]