<?xml version="1.0" encoding="UTF-8" standalone="no"?>
<testsuite failures="2" name="cucumber.runtime.formatter.JUnitFormatter" skipped="0" tests="3" time="124.452485">
<testcase classname="Validate the forgotten password functionality" name="Validate the forgotten password with invalid mobile number" time="11.152653">
<system-out><![CDATA[Given User should launch the browser and load the url of page...............passed
When User should click the forgotten password link..........................passed
And User should enter invalid mobile number in the text box.................passed
And User should print the title of the page.................................passed
And User should click the search button.....................................passed
Then User should navigate to temp blocked page..............................passed
]]></system-out>
</testcase>
<testcase classname="Validate the login functionality of facebook" name="Validate the login functionality with invalid username and valid password" time="32.419419">
<failure message="java.lang.AssertionError: verify credential&#13;&#10;&#9;at org.junit.Assert.fail(Assert.java:88)&#13;&#10;&#9;at org.junit.Assert.assertTrue(Assert.java:41)&#13;&#10;&#9;at org.stepdefinition.LoginStepDefinition.user_should_navigate_to_incorrect_credential_page(LoginStepDefinition.java:44)&#13;&#10;&#9;at ✽.User should navigate to incorrect credential page(file:src/test/resources/FeatureFiles/Login.feature:11)&#13;&#10;"><![CDATA[Given User should launch the browser and load the url.......................passed
When User should enter invaid username "Anil", and valid password "Anil@123".passed
And User should click the login button......................................passed
And User should print the title of your page................................passed
Then User should navigate to incorrect credential page......................failed

StackTrace:
java.lang.AssertionError: verify credential
	at org.junit.Assert.fail(Assert.java:88)
	at org.junit.Assert.assertTrue(Assert.java:41)
	at org.stepdefinition.LoginStepDefinition.user_should_navigate_to_incorrect_credential_page(LoginStepDefinition.java:44)
	at ✽.User should navigate to incorrect credential page(file:src/test/resources/FeatureFiles/Login.feature:11)
]]></failure>
</testcase>
<testcase classname="Validate the login functionality of facebook" name="Validate the login functionality with valid username and invalid password" time="80.880413">
<failure message="org.openqa.selenium.WebDriverException: Timed out waiting for driver server to shutdown.&#10;Build info: version: '4.12.1', revision: '8e34639b11'&#10;System info: os.name: 'Windows 10', os.arch: 'amd64', os.version: '10.0', java.version: '1.8.0_371'&#10;Driver info: org.openqa.selenium.chrome.ChromeDriver&#10;Command: [2a18a743a4bc47f7f32fc8ea8d70c05b, quit {}]&#10;Capabilities {acceptInsecureCerts: false, browserName: chrome, browserVersion: 117.0.5938.150, chrome: {chromedriverVersion: 117.0.5938.149 (e3344ddefa1..., userDataDir: C:\Users\ADMIN\AppData\Loca...}, fedcm:accounts: true, goog:chromeOptions: {debuggerAddress: localhost:50777}, networkConnectionEnabled: false, pageLoadStrategy: normal, platformName: windows, proxy: Proxy(), se:cdp: ws://localhost:50777/devtoo..., se:cdpVersion: 117.0.5938.150, setWindowRect: true, strictFileInteractability: false, timeouts: {implicit: 0, pageLoad: 300000, script: 30000}, unhandledPromptBehavior: dismiss and notify, webauthn:extension:credBlob: true, webauthn:extension:largeBlob: true, webauthn:extension:minPinLength: true, webauthn:extension:prf: true, webauthn:virtualAuthenticators: true}&#10;Session ID: 2a18a743a4bc47f7f32fc8ea8d70c05b&#13;&#10;&#9;at org.openqa.selenium.remote.service.DriverService.stop(DriverService.java:295)&#13;&#10;&#9;at org.openqa.selenium.remote.service.DriverCommandExecutor.execute(DriverCommandExecutor.java:158)&#13;&#10;&#9;at org.openqa.selenium.remote.RemoteWebDriver.execute(RemoteWebDriver.java:602)&#13;&#10;&#9;at org.openqa.selenium.remote.RemoteWebDriver.execute(RemoteWebDriver.java:675)&#13;&#10;&#9;at org.openqa.selenium.remote.RemoteWebDriver.execute(RemoteWebDriver.java:679)&#13;&#10;&#9;at org.openqa.selenium.remote.RemoteWebDriver.quit(RemoteWebDriver.java:437)&#13;&#10;&#9;at org.openqa.selenium.chromium.ChromiumDriver.quit(ChromiumDriver.java:351)&#13;&#10;&#9;at org.utilities.Baseclass.closebrowser(Baseclass.java:354)&#13;&#10;&#9;at org.stepdefinition.HooksClass.afterScenario(HooksClass.java:48)&#13;&#10;&#9;at sun.reflect.NativeMethodAccessorImpl.invoke0(Native Method)&#13;&#10;&#9;at sun.reflect.NativeMethodAccessorImpl.invoke(Unknown Source)&#13;&#10;&#9;at sun.reflect.DelegatingMethodAccessorImpl.invoke(Unknown Source)&#13;&#10;&#9;at java.lang.reflect.Method.invoke(Unknown Source)&#13;&#10;&#9;at cucumber.runtime.Utils$1.call(Utils.java:26)&#13;&#10;&#9;at cucumber.runtime.Timeout.timeout(Timeout.java:16)&#13;&#10;&#9;at cucumber.runtime.Utils.invoke(Utils.java:20)&#13;&#10;&#9;at cucumber.runtime.java.JavaHookDefinition.execute(JavaHookDefinition.java:65)&#13;&#10;&#9;at cucumber.runner.HookDefinitionMatch.runStep(HookDefinitionMatch.java:16)&#13;&#10;&#9;at cucumber.runner.TestStep.executeStep(TestStep.java:65)&#13;&#10;&#9;at cucumber.runner.TestStep.run(TestStep.java:50)&#13;&#10;&#9;at cucumber.runner.TestCase.run(TestCase.java:50)&#13;&#10;&#9;at cucumber.runner.Runner.runPickle(Runner.java:50)&#13;&#10;&#9;at io.cucumber.junit.PickleRunners$NoStepDescriptions.run(PickleRunners.java:146)&#13;&#10;&#9;at io.cucumber.junit.FeatureRunner.runChild(FeatureRunner.java:68)&#13;&#10;&#9;at io.cucumber.junit.FeatureRunner.runChild(FeatureRunner.java:23)&#13;&#10;&#9;at org.junit.runners.ParentRunner$3.run(ParentRunner.java:290)&#13;&#10;&#9;at org.junit.runners.ParentRunner$1.schedule(ParentRunner.java:71)&#13;&#10;&#9;at org.junit.runners.ParentRunner.runChildren(ParentRunner.java:288)&#13;&#10;&#9;at org.junit.runners.ParentRunner.access$000(ParentRunner.java:58)&#13;&#10;&#9;at org.junit.runners.ParentRunner$2.evaluate(ParentRunner.java:268)&#13;&#10;&#9;at org.junit.runners.ParentRunner.run(ParentRunner.java:363)&#13;&#10;&#9;at io.cucumber.junit.Cucumber.runChild(Cucumber.java:144)&#13;&#10;&#9;at io.cucumber.junit.Cucumber.runChild(Cucumber.java:65)&#13;&#10;&#9;at org.junit.runners.ParentRunner$3.run(ParentRunner.java:290)&#13;&#10;&#9;at org.junit.runners.ParentRunner$1.schedule(ParentRunner.java:71)&#13;&#10;&#9;at org.junit.runners.ParentRunner.runChildren(ParentRunner.java:288)&#13;&#10;&#9;at org.junit.runners.ParentRunner.access$000(ParentRunner.java:58)&#13;&#10;&#9;at org.junit.runners.ParentRunner$2.evaluate(ParentRunner.java:268)&#13;&#10;&#9;at io.cucumber.junit.Cucumber$RunCucumber.evaluate(Cucumber.java:174)&#13;&#10;&#9;at org.junit.internal.runners.statements.RunAfters.evaluate(RunAfters.java:27)&#13;&#10;&#9;at org.junit.runners.ParentRunner.run(ParentRunner.java:363)&#13;&#10;&#9;at org.eclipse.jdt.internal.junit4.runner.JUnit4TestReference.run(JUnit4TestReference.java:86)&#13;&#10;&#9;at org.eclipse.jdt.internal.junit.runner.TestExecution.run(TestExecution.java:38)&#13;&#10;&#9;at org.eclipse.jdt.internal.junit.runner.RemoteTestRunner.runTests(RemoteTestRunner.java:538)&#13;&#10;&#9;at org.eclipse.jdt.internal.junit.runner.RemoteTestRunner.runTests(RemoteTestRunner.java:760)&#13;&#10;&#9;at org.eclipse.jdt.internal.junit.runner.RemoteTestRunner.run(RemoteTestRunner.java:460)&#13;&#10;&#9;at org.eclipse.jdt.internal.junit.runner.RemoteTestRunner.main(RemoteTestRunner.java:206)&#13;&#10;Caused by: org.openqa.selenium.net.UrlChecker$TimeoutException: Timed out waiting for http://localhost:14915/shutdown to become unavailable after 3002 ms&#13;&#10;&#9;at org.openqa.selenium.net.UrlChecker.waitUntilUnavailable(UrlChecker.java:140)&#13;&#10;&#9;at org.openqa.selenium.remote.service.DriverService.stop(DriverService.java:291)&#13;&#10;&#9;... 46 more&#13;&#10;Caused by: java.util.concurrent.TimeoutException&#13;&#10;&#9;at java.util.concurrent.FutureTask.get(Unknown Source)&#13;&#10;&#9;at org.openqa.selenium.net.UrlChecker.waitUntilUnavailable(UrlChecker.java:137)&#13;&#10;&#9;... 47 more&#13;&#10;"><![CDATA[Given User should launch the browser and load the url.......................passed
When User should enter vaid usernamE and invalid password...................passed
And User should click the login button......................................passed
Then User should navigate to incorrect credential page......................passed

StackTrace:
org.openqa.selenium.WebDriverException: Timed out waiting for driver server to shutdown.
Build info: version: '4.12.1', revision: '8e34639b11'
System info: os.name: 'Windows 10', os.arch: 'amd64', os.version: '10.0', java.version: '1.8.0_371'
Driver info: org.openqa.selenium.chrome.ChromeDriver
Command: [2a18a743a4bc47f7f32fc8ea8d70c05b, quit {}]
Capabilities {acceptInsecureCerts: false, browserName: chrome, browserVersion: 117.0.5938.150, chrome: {chromedriverVersion: 117.0.5938.149 (e3344ddefa1..., userDataDir: C:\Users\ADMIN\AppData\Loca...}, fedcm:accounts: true, goog:chromeOptions: {debuggerAddress: localhost:50777}, networkConnectionEnabled: false, pageLoadStrategy: normal, platformName: windows, proxy: Proxy(), se:cdp: ws://localhost:50777/devtoo..., se:cdpVersion: 117.0.5938.150, setWindowRect: true, strictFileInteractability: false, timeouts: {implicit: 0, pageLoad: 300000, script: 30000}, unhandledPromptBehavior: dismiss and notify, webauthn:extension:credBlob: true, webauthn:extension:largeBlob: true, webauthn:extension:minPinLength: true, webauthn:extension:prf: true, webauthn:virtualAuthenticators: true}
Session ID: 2a18a743a4bc47f7f32fc8ea8d70c05b
	at org.openqa.selenium.remote.service.DriverService.stop(DriverService.java:295)
	at org.openqa.selenium.remote.service.DriverCommandExecutor.execute(DriverCommandExecutor.java:158)
	at org.openqa.selenium.remote.RemoteWebDriver.execute(RemoteWebDriver.java:602)
	at org.openqa.selenium.remote.RemoteWebDriver.execute(RemoteWebDriver.java:675)
	at org.openqa.selenium.remote.RemoteWebDriver.execute(RemoteWebDriver.java:679)
	at org.openqa.selenium.remote.RemoteWebDriver.quit(RemoteWebDriver.java:437)
	at org.openqa.selenium.chromium.ChromiumDriver.quit(ChromiumDriver.java:351)
	at org.utilities.Baseclass.closebrowser(Baseclass.java:354)
	at org.stepdefinition.HooksClass.afterScenario(HooksClass.java:48)
	at sun.reflect.NativeMethodAccessorImpl.invoke0(Native Method)
	at sun.reflect.NativeMethodAccessorImpl.invoke(Unknown Source)
	at sun.reflect.DelegatingMethodAccessorImpl.invoke(Unknown Source)
	at java.lang.reflect.Method.invoke(Unknown Source)
	at cucumber.runtime.Utils$1.call(Utils.java:26)
	at cucumber.runtime.Timeout.timeout(Timeout.java:16)
	at cucumber.runtime.Utils.invoke(Utils.java:20)
	at cucumber.runtime.java.JavaHookDefinition.execute(JavaHookDefinition.java:65)
	at cucumber.runner.HookDefinitionMatch.runStep(HookDefinitionMatch.java:16)
	at cucumber.runner.TestStep.executeStep(TestStep.java:65)
	at cucumber.runner.TestStep.run(TestStep.java:50)
	at cucumber.runner.TestCase.run(TestCase.java:50)
	at cucumber.runner.Runner.runPickle(Runner.java:50)
	at io.cucumber.junit.PickleRunners$NoStepDescriptions.run(PickleRunners.java:146)
	at io.cucumber.junit.FeatureRunner.runChild(FeatureRunner.java:68)
	at io.cucumber.junit.FeatureRunner.runChild(FeatureRunner.java:23)
	at org.junit.runners.ParentRunner$3.run(ParentRunner.java:290)
	at org.junit.runners.ParentRunner$1.schedule(ParentRunner.java:71)
	at org.junit.runners.ParentRunner.runChildren(ParentRunner.java:288)
	at org.junit.runners.ParentRunner.access$000(ParentRunner.java:58)
	at org.junit.runners.ParentRunner$2.evaluate(ParentRunner.java:268)
	at org.junit.runners.ParentRunner.run(ParentRunner.java:363)
	at io.cucumber.junit.Cucumber.runChild(Cucumber.java:144)
	at io.cucumber.junit.Cucumber.runChild(Cucumber.java:65)
	at org.junit.runners.ParentRunner$3.run(ParentRunner.java:290)
	at org.junit.runners.ParentRunner$1.schedule(ParentRunner.java:71)
	at org.junit.runners.ParentRunner.runChildren(ParentRunner.java:288)
	at org.junit.runners.ParentRunner.access$000(ParentRunner.java:58)
	at org.junit.runners.ParentRunner$2.evaluate(ParentRunner.java:268)
	at io.cucumber.junit.Cucumber$RunCucumber.evaluate(Cucumber.java:174)
	at org.junit.internal.runners.statements.RunAfters.evaluate(RunAfters.java:27)
	at org.junit.runners.ParentRunner.run(ParentRunner.java:363)
	at org.eclipse.jdt.internal.junit4.runner.JUnit4TestReference.run(JUnit4TestReference.java:86)
	at org.eclipse.jdt.internal.junit.runner.TestExecution.run(TestExecution.java:38)
	at org.eclipse.jdt.internal.junit.runner.RemoteTestRunner.runTests(RemoteTestRunner.java:538)
	at org.eclipse.jdt.internal.junit.runner.RemoteTestRunner.runTests(RemoteTestRunner.java:760)
	at org.eclipse.jdt.internal.junit.runner.RemoteTestRunner.run(RemoteTestRunner.java:460)
	at org.eclipse.jdt.internal.junit.runner.RemoteTestRunner.main(RemoteTestRunner.java:206)
Caused by: org.openqa.selenium.net.UrlChecker$TimeoutException: Timed out waiting for http://localhost:14915/shutdown to become unavailable after 3002 ms
	at org.openqa.selenium.net.UrlChecker.waitUntilUnavailable(UrlChecker.java:140)
	at org.openqa.selenium.remote.service.DriverService.stop(DriverService.java:291)
	... 46 more
Caused by: java.util.concurrent.TimeoutException
	at java.util.concurrent.FutureTask.get(Unknown Source)
	at org.openqa.selenium.net.UrlChecker.waitUntilUnavailable(UrlChecker.java:137)
	... 47 more
]]></failure>
</testcase>
</testsuite>
